<?xml version="1.0" encoding="UTF-8"?>
<TestRun id="3f0e9083-f7e0-4175-8ad4-35a45958d494" name="Rich@RICH-PC 2013-01-22 21:03:58" runUser="Rich-PC\Rich" xmlns="http://microsoft.com/schemas/VisualStudio/TeamTest/2010">
  <TestSettings name="Default Test Settings" id="ce762eec-df24-4f9e-a97d-d52aa207a03c">
    <Deployment runDeploymentRoot="Rich_RICH-PC 2013-01-22 21_03_58">
      <DeploymentItem filename="c:\users\rich\documents\visual studio 2010\Projects\SubsonicMVC\SubsonicMVC\bin\SubsonicMVC.dll" />
    </Deployment>
    <Execution>
      <TestTypeSpecific />
      <AgentRule name="Execution Agents">
      </AgentRule>
    </Execution>
  </TestSettings>
  <Times creation="2013-01-22T21:03:58.6837886-06:00" queuing="2013-01-22T21:03:58.8611606-06:00" start="2013-01-22T21:03:58.8690438-06:00" finish="2013-01-22T21:03:59.1439704-06:00" />
  <ResultSummary outcome="Completed">
    <Counters total="3" executed="3" passed="3" error="0" failed="0" timeout="0" aborted="0" inconclusive="0" passedButRunAborted="0" notRunnable="0" notExecuted="0" disconnected="0" warning="0" completed="0" inProgress="0" pending="0" />
  </ResultSummary>
  <TestDefinitions>
    <UnitTest name="TestDeserializeError" storage="c:\users\rich\documents\visual studio 2010\projects\subsonicmvc\subsonicmvc.tests\bin\debug\subsonicmvc.tests.dll" id="be719570-d8e6-cb9a-8394-a508aa3188f1">
      <Execution id="301a46c6-4318-4d4c-84ba-9fca60843121" />
      <TestMethod codeBase="C:/Users/Rich/Documents/Visual Studio 2010/Projects/SubsonicMVC/SubsonicMVC.Tests/bin/Debug/SubsonicMVC.Tests.DLL" adapterTypeName="Microsoft.VisualStudio.TestTools.TestTypes.Unit.UnitTestAdapter, Microsoft.VisualStudio.QualityTools.Tips.UnitTest.Adapter, Version=10.0.0.0, Culture=neutral, PublicKeyToken=b03f5f7f11d50a3a" className="SubsonicMVC.Tests.Subsonic.SubsonicResponseSerializerUtilityTest, SubsonicMVC.Tests, Version=1.0.0.0, Culture=neutral, PublicKeyToken=null" name="TestDeserializeError" />
    </UnitTest>
    <UnitTest name="TestDeserializeFolders" storage="c:\users\rich\documents\visual studio 2010\projects\subsonicmvc\subsonicmvc.tests\bin\debug\subsonicmvc.tests.dll" id="27bdfd7b-e1a1-27a9-1332-984537a55950">
      <Execution id="fbc6bb0d-2c00-4d90-bd6d-c647dc3aa4ba" />
      <TestMethod codeBase="C:/Users/Rich/Documents/Visual Studio 2010/Projects/SubsonicMVC/SubsonicMVC.Tests/bin/Debug/SubsonicMVC.Tests.DLL" adapterTypeName="Microsoft.VisualStudio.TestTools.TestTypes.Unit.UnitTestAdapter, Microsoft.VisualStudio.QualityTools.Tips.UnitTest.Adapter, Version=10.0.0.0, Culture=neutral, PublicKeyToken=b03f5f7f11d50a3a" className="SubsonicMVC.Tests.Subsonic.SubsonicResponseSerializerUtilityTest, SubsonicMVC.Tests, Version=1.0.0.0, Culture=neutral, PublicKeyToken=null" name="TestDeserializeFolders" />
    </UnitTest>
    <UnitTest name="TestDeserializeNoFolders" storage="c:\users\rich\documents\visual studio 2010\projects\subsonicmvc\subsonicmvc.tests\bin\debug\subsonicmvc.tests.dll" id="238674d5-d3fa-3a35-9ec6-19ada4f350f0">
      <Execution id="d31519ab-431f-4d30-b92a-3f35b176006b" />
      <TestMethod codeBase="C:/Users/Rich/Documents/Visual Studio 2010/Projects/SubsonicMVC/SubsonicMVC.Tests/bin/Debug/SubsonicMVC.Tests.DLL" adapterTypeName="Microsoft.VisualStudio.TestTools.TestTypes.Unit.UnitTestAdapter, Microsoft.VisualStudio.QualityTools.Tips.UnitTest.Adapter, Version=10.0.0.0, Culture=neutral, PublicKeyToken=b03f5f7f11d50a3a" className="SubsonicMVC.Tests.Subsonic.SubsonicResponseSerializerUtilityTest, SubsonicMVC.Tests, Version=1.0.0.0, Culture=neutral, PublicKeyToken=null" name="TestDeserializeNoFolders" />
    </UnitTest>
  </TestDefinitions>
  <TestLists>
    <TestList name="Results Not in a List" id="8c84fa94-04c1-424b-9868-57a2d4851a1d" />
    <TestList name="All Loaded Results" id="19431567-8539-422a-85d7-44ee4e166bda" />
  </TestLists>
  <TestEntries>
    <TestEntry testId="238674d5-d3fa-3a35-9ec6-19ada4f350f0" executionId="d31519ab-431f-4d30-b92a-3f35b176006b" testListId="8c84fa94-04c1-424b-9868-57a2d4851a1d" />
    <TestEntry testId="27bdfd7b-e1a1-27a9-1332-984537a55950" executionId="fbc6bb0d-2c00-4d90-bd6d-c647dc3aa4ba" testListId="8c84fa94-04c1-424b-9868-57a2d4851a1d" />
    <TestEntry testId="be719570-d8e6-cb9a-8394-a508aa3188f1" executionId="301a46c6-4318-4d4c-84ba-9fca60843121" testListId="8c84fa94-04c1-424b-9868-57a2d4851a1d" />
  </TestEntries>
  <Results>
    <UnitTestResult executionId="d31519ab-431f-4d30-b92a-3f35b176006b" testId="238674d5-d3fa-3a35-9ec6-19ada4f350f0" testName="TestDeserializeNoFolders" computerName="RICH-PC" duration="00:00:00.1315515" startTime="2013-01-22T21:03:58.8729854-06:00" endTime="2013-01-22T21:03:59.1203208-06:00" testType="13cdc9d9-ddb5-4fa4-a97d-d965ccfc6d4b" outcome="Passed" testListId="8c84fa94-04c1-424b-9868-57a2d4851a1d" relativeResultsDirectory="d31519ab-431f-4d30-b92a-3f35b176006b">
    </UnitTestResult>
    <UnitTestResult executionId="fbc6bb0d-2c00-4d90-bd6d-c647dc3aa4ba" testId="27bdfd7b-e1a1-27a9-1332-984537a55950" testName="TestDeserializeFolders" computerName="RICH-PC" duration="00:00:00.0009331" startTime="2013-01-22T21:03:59.1232770-06:00" endTime="2013-01-22T21:03:59.1262332-06:00" testType="13cdc9d9-ddb5-4fa4-a97d-d965ccfc6d4b" outcome="Passed" testListId="8c84fa94-04c1-424b-9868-57a2d4851a1d" relativeResultsDirectory="fbc6bb0d-2c00-4d90-bd6d-c647dc3aa4ba">
    </UnitTestResult>
    <UnitTestResult executionId="301a46c6-4318-4d4c-84ba-9fca60843121" testId="be719570-d8e6-cb9a-8394-a508aa3188f1" testName="TestDeserializeError" computerName="RICH-PC" duration="00:00:00.0012681" startTime="2013-01-22T21:03:59.1282040-06:00" endTime="2013-01-22T21:03:59.1311602-06:00" testType="13cdc9d9-ddb5-4fa4-a97d-d965ccfc6d4b" outcome="Passed" testListId="8c84fa94-04c1-424b-9868-57a2d4851a1d" relativeResultsDirectory="301a46c6-4318-4d4c-84ba-9fca60843121">
    </UnitTestResult>
  </Results>
</TestRun>