<?xml version="1.0" encoding="UTF-8"?>
<TestRun id="383f9aa4-7321-4a12-bba1-f965a06372d5" name="Rich@RICH-PC 2013-02-03 21:10:07" runUser="Rich-PC\Rich" xmlns="http://microsoft.com/schemas/VisualStudio/TeamTest/2010">
  <TestSettings name="Default Test Settings" id="a254d159-5c01-4923-a320-0f6ee89db503">
    <Deployment runDeploymentRoot="Rich_RICH-PC 2013-02-03 21_10_07">
      <DeploymentItem filename="C:\Users\Rich\documents\visual studio 2010\Projects\SubsonicMVC\packages\Microsoft.AspNet.WebPages.2.0.20710.0\lib\net40\System.Web.WebPages.dll" />
      <DeploymentItem filename="C:\Users\Rich\Documents\Visual Studio 2010\Projects\SubsonicMVC\SubsonicMVC\bin\SubsonicMVC.dll" />
      <DeploymentItem filename="C:\Users\Rich\documents\visual studio 2010\Projects\SubsonicMVC\packages\Microsoft.AspNet.WebPages.2.0.20710.0\lib\net40\System.Web.Helpers.dll" />
      <DeploymentItem filename="C:\Users\Rich\documents\visual studio 2010\Projects\SubsonicMVC\packages\Microsoft.AspNet.WebPages.2.0.20710.0\lib\net40\System.Web.WebPages.Deployment.dll" />
      <DeploymentItem filename="C:\Users\Rich\documents\visual studio 2010\Projects\SubsonicMVC\packages\Microsoft.AspNet.Mvc.4.0.20710.0\lib\net40\System.Web.Mvc.dll" />
      <DeploymentItem filename="C:\Users\Rich\documents\visual studio 2010\Projects\SubsonicMVC\packages\Microsoft.AspNet.WebPages.2.0.20710.0\lib\net40\System.Web.WebPages.Razor.dll" />
      <DeploymentItem filename="C:\Users\Rich\documents\visual studio 2010\Projects\SubsonicMVC\packages\Microsoft.AspNet.Razor.2.0.20715.0\lib\net40\System.Web.Razor.dll" />
      <DeploymentItem filename="C:\Users\Rich\documents\visual studio 2010\Projects\SubsonicMVC\packages\Microsoft.Web.Infrastructure.1.0.0.0\lib\net40\Microsoft.Web.Infrastructure.dll" />
    </Deployment>
    <Execution>
      <TestTypeSpecific />
      <AgentRule name="Execution Agents">
      </AgentRule>
    </Execution>
  </TestSettings>
  <Times creation="2013-02-03T21:10:07.5307810-06:00" queuing="2013-02-03T21:10:07.9077341-06:00" start="2013-02-03T21:10:07.9214060-06:00" finish="2013-02-03T21:10:08.4067576-06:00" />
  <ResultSummary outcome="Failed">
    <Counters total="1" executed="1" error="0" failed="1" timeout="0" aborted="0" inconclusive="0" passedButRunAborted="0" notRunnable="0" notExecuted="0" disconnected="0" warning="0" passed="0" completed="0" inProgress="0" pending="0" />
  </ResultSummary>
  <TestDefinitions>
    <UnitTest name="TestDeserializeArtist" storage="c:\users\rich\documents\visual studio 2010\projects\subsonicmvc\subsonicmvc.tests\bin\debug\subsonicmvc.tests.dll" id="1137703f-18ff-12a4-89f6-20de0ed85f3a">
      <Execution id="ea68e677-7528-4241-95d1-4229662daddf" />
      <TestMethod codeBase="C:/Users/Rich/documents/visual studio 2010/Projects/SubsonicMVC/SubsonicMVC.Tests/bin/Debug/SubsonicMVC.Tests.DLL" adapterTypeName="Microsoft.VisualStudio.TestTools.TestTypes.Unit.UnitTestAdapter, Microsoft.VisualStudio.QualityTools.Tips.UnitTest.Adapter, Version=10.0.0.0, Culture=neutral, PublicKeyToken=b03f5f7f11d50a3a" className="SubsonicMVC.Tests.SubsonicService.SubsonicResponseSerializerUtilityTest, SubsonicMVC.Tests, Version=1.0.0.0, Culture=neutral, PublicKeyToken=null" name="TestDeserializeArtist" />
    </UnitTest>
  </TestDefinitions>
  <TestLists>
    <TestList name="Results Not in a List" id="8c84fa94-04c1-424b-9868-57a2d4851a1d" />
    <TestList name="All Loaded Results" id="19431567-8539-422a-85d7-44ee4e166bda" />
  </TestLists>
  <TestEntries>
    <TestEntry testId="1137703f-18ff-12a4-89f6-20de0ed85f3a" executionId="ea68e677-7528-4241-95d1-4229662daddf" testListId="8c84fa94-04c1-424b-9868-57a2d4851a1d" />
  </TestEntries>
  <Results>
    <UnitTestResult executionId="ea68e677-7528-4241-95d1-4229662daddf" testId="1137703f-18ff-12a4-89f6-20de0ed85f3a" testName="TestDeserializeArtist" computerName="RICH-PC" duration="00:00:00.3049952" startTime="2013-02-03T21:10:07.9253123-06:00" endTime="2013-02-03T21:10:08.3579295-06:00" testType="13cdc9d9-ddb5-4fa4-a97d-d965ccfc6d4b" outcome="Failed" testListId="8c84fa94-04c1-424b-9868-57a2d4851a1d" relativeResultsDirectory="ea68e677-7528-4241-95d1-4229662daddf">
      <Output>
        <ErrorInfo>
          <Message>Assert.IsTrue failed. </Message>
          <StackTrace>   at SubsonicMVC.Tests.SubsonicService.SubsonicResponseSerializerUtilityTest.TestDeserializeArtist() in C:\Users\Rich\documents\visual studio 2010\Projects\SubsonicMVC\SubsonicMVC.Tests\SubsonicService\SubsonicResponseSerializerUtilityTest.cs:line 64
</StackTrace>
        </ErrorInfo>
      </Output>
    </UnitTestResult>
  </Results>
</TestRun>