<?xml version="1.0" encoding="UTF-8"?>
<TestRun id="ab66985b-75c2-466a-879a-d02e4c5d4470" name="Rich@RICH-PC 2013-01-22 20:58:58" runUser="Rich-PC\Rich" xmlns="http://microsoft.com/schemas/VisualStudio/TeamTest/2010">
  <TestSettings name="Default Test Settings" id="b08ed6a8-2c02-4e90-9391-9444b637c200">
    <Deployment runDeploymentRoot="Rich_RICH-PC 2013-01-22 20_58_58">
      <DeploymentItem filename="c:\users\rich\documents\visual studio 2010\Projects\SubsonicMVC\SubsonicMVC\bin\SubsonicMVC.dll" />
    </Deployment>
    <Execution>
      <TestTypeSpecific />
      <AgentRule name="Execution Agents">
      </AgentRule>
    </Execution>
  </TestSettings>
  <Times creation="2013-01-22T20:58:58.4522193-06:00" queuing="2013-01-22T20:58:58.5755425-06:00" start="2013-01-22T20:58:58.5804474-06:00" finish="2013-01-22T20:58:58.9314981-06:00" />
  <ResultSummary outcome="Failed">
    <Counters total="3" executed="3" passed="2" error="0" failed="1" timeout="0" aborted="0" inconclusive="0" passedButRunAborted="0" notRunnable="0" notExecuted="0" disconnected="0" warning="0" completed="0" inProgress="0" pending="0" />
  </ResultSummary>
  <TestDefinitions>
    <UnitTest name="TestDeserializeError" storage="c:\users\rich\documents\visual studio 2010\projects\subsonicmvc\subsonicmvc.tests\bin\debug\subsonicmvc.tests.dll" id="be719570-d8e6-cb9a-8394-a508aa3188f1">
      <Execution id="89810650-f80f-4b85-9b13-c8e72a044db1" />
      <TestMethod codeBase="C:/Users/Rich/Documents/Visual Studio 2010/Projects/SubsonicMVC/SubsonicMVC.Tests/bin/Debug/SubsonicMVC.Tests.DLL" adapterTypeName="Microsoft.VisualStudio.TestTools.TestTypes.Unit.UnitTestAdapter, Microsoft.VisualStudio.QualityTools.Tips.UnitTest.Adapter, Version=10.0.0.0, Culture=neutral, PublicKeyToken=b03f5f7f11d50a3a" className="SubsonicMVC.Tests.Subsonic.SubsonicResponseSerializerUtilityTest, SubsonicMVC.Tests, Version=1.0.0.0, Culture=neutral, PublicKeyToken=null" name="TestDeserializeError" />
    </UnitTest>
    <UnitTest name="TestDeserializeFolders" storage="c:\users\rich\documents\visual studio 2010\projects\subsonicmvc\subsonicmvc.tests\bin\debug\subsonicmvc.tests.dll" id="27bdfd7b-e1a1-27a9-1332-984537a55950">
      <Execution id="a7bc68f9-ad70-4e9d-8f48-db8489c7a6f3" />
      <TestMethod codeBase="C:/Users/Rich/Documents/Visual Studio 2010/Projects/SubsonicMVC/SubsonicMVC.Tests/bin/Debug/SubsonicMVC.Tests.DLL" adapterTypeName="Microsoft.VisualStudio.TestTools.TestTypes.Unit.UnitTestAdapter, Microsoft.VisualStudio.QualityTools.Tips.UnitTest.Adapter, Version=10.0.0.0, Culture=neutral, PublicKeyToken=b03f5f7f11d50a3a" className="SubsonicMVC.Tests.Subsonic.SubsonicResponseSerializerUtilityTest, SubsonicMVC.Tests, Version=1.0.0.0, Culture=neutral, PublicKeyToken=null" name="TestDeserializeFolders" />
    </UnitTest>
    <UnitTest name="TestDeserializeNoFolders" storage="c:\users\rich\documents\visual studio 2010\projects\subsonicmvc\subsonicmvc.tests\bin\debug\subsonicmvc.tests.dll" id="238674d5-d3fa-3a35-9ec6-19ada4f350f0">
      <Execution id="183c3a63-b52e-4321-8f87-3f6cb8b7397e" />
      <TestMethod codeBase="C:/Users/Rich/Documents/Visual Studio 2010/Projects/SubsonicMVC/SubsonicMVC.Tests/bin/Debug/SubsonicMVC.Tests.DLL" adapterTypeName="Microsoft.VisualStudio.TestTools.TestTypes.Unit.UnitTestAdapter, Microsoft.VisualStudio.QualityTools.Tips.UnitTest.Adapter, Version=10.0.0.0, Culture=neutral, PublicKeyToken=b03f5f7f11d50a3a" className="SubsonicMVC.Tests.Subsonic.SubsonicResponseSerializerUtilityTest, SubsonicMVC.Tests, Version=1.0.0.0, Culture=neutral, PublicKeyToken=null" name="TestDeserializeNoFolders" />
    </UnitTest>
  </TestDefinitions>
  <TestLists>
    <TestList name="Results Not in a List" id="8c84fa94-04c1-424b-9868-57a2d4851a1d" />
    <TestList name="All Loaded Results" id="19431567-8539-422a-85d7-44ee4e166bda" />
  </TestLists>
  <TestEntries>
    <TestEntry testId="238674d5-d3fa-3a35-9ec6-19ada4f350f0" executionId="183c3a63-b52e-4321-8f87-3f6cb8b7397e" testListId="8c84fa94-04c1-424b-9868-57a2d4851a1d" />
    <TestEntry testId="27bdfd7b-e1a1-27a9-1332-984537a55950" executionId="a7bc68f9-ad70-4e9d-8f48-db8489c7a6f3" testListId="8c84fa94-04c1-424b-9868-57a2d4851a1d" />
    <TestEntry testId="be719570-d8e6-cb9a-8394-a508aa3188f1" executionId="89810650-f80f-4b85-9b13-c8e72a044db1" testListId="8c84fa94-04c1-424b-9868-57a2d4851a1d" />
  </TestEntries>
  <Results>
    <UnitTestResult executionId="183c3a63-b52e-4321-8f87-3f6cb8b7397e" testId="238674d5-d3fa-3a35-9ec6-19ada4f350f0" testName="TestDeserializeNoFolders" computerName="RICH-PC" duration="00:00:00.3475208" startTime="2013-01-22T20:58:58.5825495-06:00" endTime="2013-01-22T20:58:58.8992659-06:00" testType="13cdc9d9-ddb5-4fa4-a97d-d965ccfc6d4b" outcome="Passed" testListId="8c84fa94-04c1-424b-9868-57a2d4851a1d" relativeResultsDirectory="183c3a63-b52e-4321-8f87-3f6cb8b7397e">
    </UnitTestResult>
    <UnitTestResult executionId="a7bc68f9-ad70-4e9d-8f48-db8489c7a6f3" testId="27bdfd7b-e1a1-27a9-1332-984537a55950" testName="TestDeserializeFolders" computerName="RICH-PC" duration="00:00:00.0015661" startTime="2013-01-22T20:58:58.8999666-06:00" endTime="2013-01-22T20:58:58.9041708-06:00" testType="13cdc9d9-ddb5-4fa4-a97d-d965ccfc6d4b" outcome="Passed" testListId="8c84fa94-04c1-424b-9868-57a2d4851a1d" relativeResultsDirectory="a7bc68f9-ad70-4e9d-8f48-db8489c7a6f3">
    </UnitTestResult>
    <UnitTestResult executionId="89810650-f80f-4b85-9b13-c8e72a044db1" testId="be719570-d8e6-cb9a-8394-a508aa3188f1" testName="TestDeserializeError" computerName="RICH-PC" duration="00:00:00.0261369" startTime="2013-01-22T20:58:58.9055722-06:00" endTime="2013-01-22T20:58:58.9258925-06:00" testType="13cdc9d9-ddb5-4fa4-a97d-d965ccfc6d4b" outcome="Failed" testListId="8c84fa94-04c1-424b-9868-57a2d4851a1d" relativeResultsDirectory="89810650-f80f-4b85-9b13-c8e72a044db1">
      <Output>
        <ErrorInfo>
          <Message>Assert.IsTrue failed. Error code correct</Message>
          <StackTrace>   at SubsonicMVC.Tests.Subsonic.SubsonicResponseSerializerUtilityTest.TestDeserializeError() in C:\Users\Rich\Documents\Visual Studio 2010\Projects\SubsonicMVC\SubsonicMVC.Tests\Subsonic\SubsonicResponseSerializerUtilityTest.cs:line 44
</StackTrace>
        </ErrorInfo>
      </Output>
    </UnitTestResult>
  </Results>
</TestRun>