<?xml version="1.0" encoding="UTF-8"?>
<TestRun id="e71eb295-bc9a-4885-bc33-c985ca198376" name="Rich@RICH-PC 2013-01-22 21:00:31" runUser="Rich-PC\Rich" xmlns="http://microsoft.com/schemas/VisualStudio/TeamTest/2010">
  <TestSettings name="Default Test Settings" id="b08ed6a8-2c02-4e90-9391-9444b637c200">
    <Deployment userDeploymentRoot="C:\Users\Rich\Documents\Visual Studio 2010\Projects\SubsonicMVC\TestResults" useDefaultDeploymentRoot="false" runDeploymentRoot="Rich_RICH-PC 2013-01-22 21_00_31">
      <DeploymentItem filename="c:\users\rich\documents\visual studio 2010\Projects\SubsonicMVC\SubsonicMVC\bin\SubsonicMVC.dll" />
    </Deployment>
    <Execution>
      <TestTypeSpecific />
      <AgentRule name="Execution Agents">
      </AgentRule>
    </Execution>
  </TestSettings>
  <Times creation="2013-01-22T21:00:31.0716397-06:00" queuing="2013-01-22T21:00:31.4906357-06:00" start="2013-01-22T21:00:31.5284805-06:00" finish="2013-01-22T21:00:31.8704353-06:00" />
  <ResultSummary outcome="Failed">
    <Counters total="1" executed="1" error="0" failed="1" timeout="0" aborted="0" inconclusive="0" passedButRunAborted="0" notRunnable="0" notExecuted="0" disconnected="0" warning="0" passed="0" completed="0" inProgress="0" pending="0" />
  </ResultSummary>
  <TestDefinitions>
    <UnitTest name="TestDeserializeError" storage="c:\users\rich\documents\visual studio 2010\projects\subsonicmvc\subsonicmvc.tests\bin\debug\subsonicmvc.tests.dll" id="be719570-d8e6-cb9a-8394-a508aa3188f1">
      <Execution id="b5454cb4-fa59-42df-be84-d241b83c26c2" />
      <TestMethod codeBase="C:/Users/Rich/Documents/Visual Studio 2010/Projects/SubsonicMVC/SubsonicMVC.Tests/bin/Debug/SubsonicMVC.Tests.DLL" adapterTypeName="Microsoft.VisualStudio.TestTools.TestTypes.Unit.UnitTestAdapter, Microsoft.VisualStudio.QualityTools.Tips.UnitTest.Adapter, Version=10.0.0.0, Culture=neutral, PublicKeyToken=b03f5f7f11d50a3a" className="SubsonicMVC.Tests.Subsonic.SubsonicResponseSerializerUtilityTest, SubsonicMVC.Tests, Version=1.0.0.0, Culture=neutral, PublicKeyToken=null" name="TestDeserializeError" />
    </UnitTest>
  </TestDefinitions>
  <TestLists>
    <TestList name="Results Not in a List" id="8c84fa94-04c1-424b-9868-57a2d4851a1d" />
    <TestList name="All Loaded Results" id="19431567-8539-422a-85d7-44ee4e166bda" />
  </TestLists>
  <TestEntries>
    <TestEntry testId="be719570-d8e6-cb9a-8394-a508aa3188f1" executionId="b5454cb4-fa59-42df-be84-d241b83c26c2" testListId="8c84fa94-04c1-424b-9868-57a2d4851a1d" />
  </TestEntries>
  <Results>
    <UnitTestResult executionId="b5454cb4-fa59-42df-be84-d241b83c26c2" testId="be719570-d8e6-cb9a-8394-a508aa3188f1" testName="TestDeserializeError" computerName="RICH-PC" duration="00:00:00.1119667" startTime="2013-01-22T21:00:31.5352385-06:00" endTime="2013-01-22T21:00:31.8542161-06:00" testType="13cdc9d9-ddb5-4fa4-a97d-d965ccfc6d4b" outcome="Failed" testListId="8c84fa94-04c1-424b-9868-57a2d4851a1d" relativeResultsDirectory="b5454cb4-fa59-42df-be84-d241b83c26c2">
      <Output>
        <ErrorInfo>
          <Message>Assert.IsTrue failed. Error message correct</Message>
          <StackTrace>   at SubsonicMVC.Tests.Subsonic.SubsonicResponseSerializerUtilityTest.TestDeserializeError() in C:\Users\Rich\Documents\Visual Studio 2010\Projects\SubsonicMVC\SubsonicMVC.Tests\Subsonic\SubsonicResponseSerializerUtilityTest.cs:line 43
</StackTrace>
        </ErrorInfo>
      </Output>
    </UnitTestResult>
  </Results>
</TestRun>